# JRE version: Java(TM) SE Runtime Environment (20.0.1+9) (build 20.0.1+9-29)
# Java VM: Java HotSpot(TM) 64-Bit Server VM (20.0.1+9-29, mixed mode, sharing, tiered, compressed oops, compressed class ptrs, g1 gc, windows-amd64)
GC Precious Log:
 CardTable entry size: 512
 Card Set container configuration: InlinePtr #cards 4 size 8 Array Of Cards #cards 16 size 48 Howl #buckets 8 coarsen threshold 3686 Howl Bitmap #cards 512 size 80 coarsen threshold 460 Card regions per heap region 1 cards per card region 4096
 CPUs: 16 total, 16 available
 Memory: 16114M
 Large Page Support: Disabled
 NUMA Support: Disabled
 Compressed Oops: Enabled (Zero based)
 Heap Region Size: 2M
 Heap Min Capacity: 8M
 Heap Initial Capacity: 252M
 Heap Max Capacity: 4030M
 Pre-touch: Disabled
 Parallel Workers: 13
 Concurrent Workers: 3
 Concurrent Refinement Workers: 13
 Periodic GC: Disabled
Heap:
 garbage-first heap   total 174080K, used 135168K [0x0000000704200000, 0x0000000800000000)
  region size 2048K, 36 young (73728K), 6 survivors (12288K)
 Metaspace       used 35131K, committed 35776K, reserved 1114112K
  class space    used 3697K, committed 3968K, reserved 1048576K
GC Heap History (18 events):
Event: 0.462 GC heap before
{Heap before GC invocations=0 (full 0):
 garbage-first heap   total 258048K, used 22528K [0x0000000704200000, 0x0000000800000000)
  region size 2048K, 11 young (22528K), 0 survivors (0K)
 Metaspace       used 5885K, committed 6080K, reserved 1114112K
  class space    used 653K, committed 704K, reserved 1048576K
}
Event: 0.465 GC heap after
{Heap after GC invocations=1 (full 0):
 garbage-first heap   total 258048K, used 4017K [0x0000000704200000, 0x0000000800000000)
  region size 2048K, 2 young (4096K), 2 survivors (4096K)
 Metaspace       used 5885K, committed 6080K, reserved 1114112K
  class space    used 653K, committed 704K, reserved 1048576K
}
Event: 0.886 GC heap before
{Heap before GC invocations=1 (full 0):
 garbage-first heap   total 258048K, used 36785K [0x0000000704200000, 0x0000000800000000)
  region size 2048K, 18 young (36864K), 2 survivors (4096K)
 Metaspace       used 11016K, committed 11200K, reserved 1114112K
  class space    used 1305K, committed 1408K, reserved 1048576K
}
Event: 0.890 GC heap after
{Heap after GC invocations=2 (full 0):
 garbage-first heap   total 258048K, used 6103K [0x0000000704200000, 0x0000000800000000)
  region size 2048K, 2 young (4096K), 2 survivors (4096K)
 Metaspace       used 11016K, committed 11200K, reserved 1114112K
  class space    used 1305K, committed 1408K, reserved 1048576K
}
Event: 2.176 GC heap before
{Heap before GC invocations=2 (full 0):
 garbage-first heap   total 258048K, used 141271K [0x0000000704200000, 0x0000000800000000)
  region size 2048K, 67 young (137216K), 2 survivors (4096K)
 Metaspace       used 21145K, committed 21504K, reserved 1114112K
  class space    used 2326K, committed 2496K, reserved 1048576K
}
Event: 2.185 GC heap after
{Heap after GC invocations=3 (full 0):
 garbage-first heap   total 258048K, used 24527K [0x0000000704200000, 0x0000000800000000)
  region size 2048K, 9 young (18432K), 9 survivors (18432K)
 Metaspace       used 21145K, committed 21504K, reserved 1114112K
  class space    used 2326K, committed 2496K, reserved 1048576K
}
Event: 2.967 GC heap before
{Heap before GC invocations=4 (full 0):
 garbage-first heap   total 96256K, used 94159K [0x0000000704200000, 0x0000000800000000)
  region size 2048K, 43 young (88064K), 9 survivors (18432K)
 Metaspace       used 25555K, committed 25920K, reserved 1114112K
  class space    used 2715K, committed 2880K, reserved 1048576K
}
Event: 2.989 GC heap after
{Heap after GC invocations=5 (full 0):
 garbage-first heap   total 135168K, used 42828K [0x0000000704200000, 0x0000000800000000)
  region size 2048K, 10 young (20480K), 10 survivors (20480K)
 Metaspace       used 25555K, committed 25920K, reserved 1114112K
  class space    used 2715K, committed 2880K, reserved 1048576K
}
Event: 3.686 GC heap before
{Heap before GC invocations=5 (full 0):
 garbage-first heap   total 135168K, used 102220K [0x0000000704200000, 0x0000000800000000)
  region size 2048K, 39 young (79872K), 10 survivors (20480K)
 Metaspace       used 28092K, committed 28608K, reserved 1114112K
  class space    used 2996K, committed 3200K, reserved 1048576K
}
Event: 3.704 GC heap after
{Heap after GC invocations=6 (full 0):
 garbage-first heap   total 135168K, used 45940K [0x0000000704200000, 0x0000000800000000)
  region size 2048K, 2 young (4096K), 2 survivors (4096K)
 Metaspace       used 28092K, committed 28608K, reserved 1114112K
  class space    used 2996K, committed 3200K, reserved 1048576K
}
Event: 4.013 GC heap before
{Heap before GC invocations=6 (full 0):
 garbage-first heap   total 135168K, used 107380K [0x0000000704200000, 0x0000000800000000)
  region size 2048K, 32 young (65536K), 2 survivors (4096K)
 Metaspace       used 28421K, committed 28928K, reserved 1114112K
  class space    used 3024K, committed 3264K, reserved 1048576K
}
Event: 4.020 GC heap after
{Heap after GC invocations=7 (full 0):
 garbage-first heap   total 135168K, used 46416K [0x0000000704200000, 0x0000000800000000)
  region size 2048K, 3 young (6144K), 3 survivors (6144K)
 Metaspace       used 28421K, committed 28928K, reserved 1114112K
  class space    used 3024K, committed 3264K, reserved 1048576K
}
Event: 4.269 GC heap before
{Heap before GC invocations=7 (full 0):
 garbage-first heap   total 135168K, used 109904K [0x0000000704200000, 0x0000000800000000)
  region size 2048K, 34 young (69632K), 3 survivors (6144K)
 Metaspace       used 28633K, committed 29184K, reserved 1114112K
  class space    used 3028K, committed 3264K, reserved 1048576K
}
Event: 4.275 GC heap after
{Heap after GC invocations=8 (full 0):
 garbage-first heap   total 135168K, used 46635K [0x0000000704200000, 0x0000000800000000)
  region size 2048K, 3 young (6144K), 3 survivors (6144K)
 Metaspace       used 28633K, committed 29184K, reserved 1114112K
  class space    used 3028K, committed 3264K, reserved 1048576K
}
Event: 5.017 GC heap before
{Heap before GC invocations=8 (full 0):
 garbage-first heap   total 135168K, used 116267K [0x0000000704200000, 0x0000000800000000)
  region size 2048K, 36 young (73728K), 3 survivors (6144K)
 Metaspace       used 30942K, committed 31616K, reserved 1114112K
  class space    used 3254K, committed 3584K, reserved 1048576K
}
Event: 5.027 GC heap after
{Heap after GC invocations=9 (full 0):
 garbage-first heap   total 163840K, used 50176K [0x0000000704200000, 0x0000000800000000)
  region size 2048K, 3 young (6144K), 3 survivors (6144K)
 Metaspace       used 30942K, committed 31616K, reserved 1114112K
  class space    used 3254K, committed 3584K, reserved 1048576K
}
Event: 5.978 GC heap before
{Heap before GC invocations=9 (full 0):
 garbage-first heap   total 163840K, used 144384K [0x0000000704200000, 0x0000000800000000)
  region size 2048K, 48 young (98304K), 3 survivors (6144K)
 Metaspace       used 32135K, committed 32768K, reserved 1114112K
  class space    used 3382K, committed 3712K, reserved 1048576K
}
Event: 5.993 GC heap after
{Heap after GC invocations=10 (full 0):
 garbage-first heap   total 174080K, used 75776K [0x0000000704200000, 0x0000000800000000)
  region size 2048K, 6 young (12288K), 6 survivors (12288K)
 Metaspace       used 32135K, committed 32768K, reserved 1114112K
  class space    used 3382K, committed 3712K, reserved 1048576K
}

