# JRE version: Java(TM) SE Runtime Environment (20.0.1+9) (build 20.0.1+9-29)
# Java VM: Java HotSpot(TM) 64-Bit Server VM (20.0.1+9-29, mixed mode, sharing, tiered, compressed oops, compressed class ptrs, g1 gc, windows-amd64)
GC Precious Log:
 CardTable entry size: 512
 Card Set container configuration: InlinePtr #cards 4 size 8 Array Of Cards #cards 16 size 48 Howl #buckets 8 coarsen threshold 3686 Howl Bitmap #cards 512 size 80 coarsen threshold 460 Card regions per heap region 1 cards per card region 4096
 CPUs: 16 total, 16 available
 Memory: 16114M
 Large Page Support: Disabled
 NUMA Support: Disabled
 Compressed Oops: Enabled (Zero based)
 Heap Region Size: 2M
 Heap Min Capacity: 8M
 Heap Initial Capacity: 252M
 Heap Max Capacity: 4030M
 Pre-touch: Disabled
 Parallel Workers: 13
 Concurrent Workers: 3
 Concurrent Refinement Workers: 13
 Periodic GC: Disabled
Heap:
 garbage-first heap   total 172032K, used 83380K [0x0000000704200000, 0x0000000800000000)
  region size 2048K, 7 young (14336K), 3 survivors (6144K)
 Metaspace       used 35162K, committed 35712K, reserved 1114112K
  class space    used 3695K, committed 3968K, reserved 1048576K
GC Heap History (20 events):
Event: 0.491 GC heap before
{Heap before GC invocations=0 (full 0):
 garbage-first heap   total 258048K, used 22528K [0x0000000704200000, 0x0000000800000000)
  region size 2048K, 11 young (22528K), 0 survivors (0K)
 Metaspace       used 5882K, committed 6080K, reserved 1114112K
  class space    used 653K, committed 704K, reserved 1048576K
}
Event: 0.495 GC heap after
{Heap after GC invocations=1 (full 0):
 garbage-first heap   total 258048K, used 4060K [0x0000000704200000, 0x0000000800000000)
  region size 2048K, 2 young (4096K), 2 survivors (4096K)
 Metaspace       used 5882K, committed 6080K, reserved 1114112K
  class space    used 653K, committed 704K, reserved 1048576K
}
Event: 1.003 GC heap before
{Heap before GC invocations=1 (full 0):
 garbage-first heap   total 258048K, used 36828K [0x0000000704200000, 0x0000000800000000)
  region size 2048K, 18 young (36864K), 2 survivors (4096K)
 Metaspace       used 10974K, committed 11136K, reserved 1114112K
  class space    used 1302K, committed 1408K, reserved 1048576K
}
Event: 1.009 GC heap after
{Heap after GC invocations=2 (full 0):
 garbage-first heap   total 258048K, used 6248K [0x0000000704200000, 0x0000000800000000)
  region size 2048K, 2 young (4096K), 2 survivors (4096K)
 Metaspace       used 10974K, committed 11136K, reserved 1114112K
  class space    used 1302K, committed 1408K, reserved 1048576K
}
Event: 2.780 GC heap before
{Heap before GC invocations=2 (full 0):
 garbage-first heap   total 258048K, used 172136K [0x0000000704200000, 0x0000000800000000)
  region size 2048K, 67 young (137216K), 2 survivors (4096K)
 Metaspace       used 21113K, committed 21504K, reserved 1114112K
  class space    used 2320K, committed 2496K, reserved 1048576K
}
Event: 2.788 GC heap after
{Heap after GC invocations=3 (full 0):
 garbage-first heap   total 258048K, used 24553K [0x0000000704200000, 0x0000000800000000)
  region size 2048K, 9 young (18432K), 9 survivors (18432K)
 Metaspace       used 21113K, committed 21504K, reserved 1114112K
  class space    used 2320K, committed 2496K, reserved 1048576K
}
Event: 3.560 GC heap before
{Heap before GC invocations=4 (full 0):
 garbage-first heap   total 96256K, used 92137K [0x0000000704200000, 0x0000000800000000)
  region size 2048K, 43 young (88064K), 9 survivors (18432K)
 Metaspace       used 25455K, committed 25856K, reserved 1114112K
  class space    used 2706K, committed 2880K, reserved 1048576K
}
Event: 3.580 GC heap after
{Heap after GC invocations=5 (full 0):
 garbage-first heap   total 133120K, used 42261K [0x0000000704200000, 0x0000000800000000)
  region size 2048K, 10 young (20480K), 10 survivors (20480K)
 Metaspace       used 25455K, committed 25856K, reserved 1114112K
  class space    used 2706K, committed 2880K, reserved 1048576K
}
Event: 4.236 GC heap before
{Heap before GC invocations=5 (full 0):
 garbage-first heap   total 133120K, used 99605K [0x0000000704200000, 0x0000000800000000)
  region size 2048K, 39 young (79872K), 10 survivors (20480K)
 Metaspace       used 28015K, committed 28480K, reserved 1114112K
  class space    used 2986K, committed 3200K, reserved 1048576K
}
Event: 4.249 GC heap after
{Heap after GC invocations=6 (full 0):
 garbage-first heap   total 133120K, used 45021K [0x0000000704200000, 0x0000000800000000)
  region size 2048K, 2 young (4096K), 2 survivors (4096K)
 Metaspace       used 28015K, committed 28480K, reserved 1114112K
  class space    used 2986K, committed 3200K, reserved 1048576K
}
Event: 4.625 GC heap before
{Heap before GC invocations=6 (full 0):
 garbage-first heap   total 133120K, used 106461K [0x0000000704200000, 0x0000000800000000)
  region size 2048K, 32 young (65536K), 2 survivors (4096K)
 Metaspace       used 28332K, committed 28864K, reserved 1114112K
  class space    used 3013K, committed 3264K, reserved 1048576K
}
Event: 4.632 GC heap after
{Heap after GC invocations=7 (full 0):
 garbage-first heap   total 133120K, used 46080K [0x0000000704200000, 0x0000000800000000)
  region size 2048K, 2 young (4096K), 2 survivors (4096K)
 Metaspace       used 28332K, committed 28864K, reserved 1114112K
  class space    used 3013K, committed 3264K, reserved 1048576K
}
Event: 4.910 GC heap before
{Heap before GC invocations=7 (full 0):
 garbage-first heap   total 133120K, used 109568K [0x0000000704200000, 0x0000000800000000)
  region size 2048K, 33 young (67584K), 2 survivors (4096K)
 Metaspace       used 28548K, committed 29056K, reserved 1114112K
  class space    used 3017K, committed 3264K, reserved 1048576K
}
Event: 4.916 GC heap after
{Heap after GC invocations=8 (full 0):
 garbage-first heap   total 133120K, used 46640K [0x0000000704200000, 0x0000000800000000)
  region size 2048K, 3 young (6144K), 3 survivors (6144K)
 Metaspace       used 28548K, committed 29056K, reserved 1114112K
  class space    used 3017K, committed 3264K, reserved 1048576K
}
Event: 5.717 GC heap before
{Heap before GC invocations=8 (full 0):
 garbage-first heap   total 133120K, used 112176K [0x0000000704200000, 0x0000000800000000)
  region size 2048K, 35 young (71680K), 3 survivors (6144K)
 Metaspace       used 30832K, committed 31424K, reserved 1114112K
  class space    used 3242K, committed 3520K, reserved 1048576K
}
Event: 5.726 GC heap after
{Heap after GC invocations=9 (full 0):
 garbage-first heap   total 159744K, used 48692K [0x0000000704200000, 0x0000000800000000)
  region size 2048K, 4 young (8192K), 4 survivors (8192K)
 Metaspace       used 30832K, committed 31424K, reserved 1114112K
  class space    used 3242K, committed 3520K, reserved 1048576K
}
Event: 6.665 GC heap before
{Heap before GC invocations=9 (full 0):
 garbage-first heap   total 159744K, used 138804K [0x0000000704200000, 0x0000000800000000)
  region size 2048K, 46 young (94208K), 4 survivors (8192K)
 Metaspace       used 31626K, committed 32256K, reserved 1114112K
  class space    used 3326K, committed 3648K, reserved 1048576K
}
Event: 6.682 GC heap after
{Heap after GC invocations=10 (full 0):
 garbage-first heap   total 172032K, used 76321K [0x0000000704200000, 0x0000000800000000)
  region size 2048K, 6 young (12288K), 6 survivors (12288K)
 Metaspace       used 31626K, committed 32256K, reserved 1114112K
  class space    used 3326K, committed 3648K, reserved 1048576K
}
Event: 7.353 GC heap before
{Heap before GC invocations=10 (full 0):
 garbage-first heap   total 172032K, used 137761K [0x0000000704200000, 0x0000000800000000)
  region size 2048K, 36 young (73728K), 6 survivors (12288K)
 Metaspace       used 33963K, committed 34560K, reserved 1114112K
  class space    used 3544K, committed 3840K, reserved 1048576K
}
Event: 7.361 GC heap after
{Heap after GC invocations=11 (full 0):
 garbage-first heap   total 172032K, used 77236K [0x0000000704200000, 0x0000000800000000)
  region size 2048K, 3 young (6144K), 3 survivors (6144K)
 Metaspace       used 33963K, committed 34560K, reserved 1114112K
  class space    used 3544K, committed 3840K, reserved 1048576K
}

