<?xml version="1.0" encoding="UTF-8"?>
<testsuite xmlns:xsi="http://www.w3.org/2001/XMLSchema-instance" xsi:noNamespaceSchemaLocation="https://maven.apache.org/surefire/maven-surefire-plugin/xsd/surefire-test-report-3.0.xsd" version="3.0" name="com.banhauniversity.sidalih.repository.MedicineRepositoryTest" time="4.4" tests="3" errors="0" skipped="0" failures="0">
  <properties>
[...]
</properties>
  <testcase name="findAllByMedicineCategoryId" classname="com.banhauniversity.sidalih.repository.MedicineRepositoryTest" time="0.521">
    <system-out><![CDATA[13:24:02.278 [main] INFO org.springframework.test.context.support.AnnotationConfigContextLoaderUtils -- Could not detect default configuration classes for test class [com.banhauniversity.sidalih.repository.MedicineRepositoryTest]: MedicineRepositoryTest does not declare any static, non-private, non-final, nested classes annotated with @Configuration.
13:24:02.401 [main] INFO org.springframework.boot.test.context.SpringBootTestContextBootstrapper -- Found @SpringBootConfiguration com.banhauniversity.sidalih.SidalihApplication for test class com.banhauniversity.sidalih.repository.MedicineRepositoryTest

  .   ____          _            __ _ _
 /\\ / ___'_ __ _ _(_)_ __  __ _ \ \ \ \
( ( )\___ | '_ | '_| | '_ \/ _` | \ \ \ \
 \\/  ___)| |_)| | | | | || (_| |  ) ) ) )
  '  |____| .__|_| |_|_| |_\__, | / / / /
 =========|_|==============|___/=/_/_/_/
 :: Spring Boot ::                (v3.1.4)

2024-06-05T13:24:02.688+02:00  INFO 28364 --- [           main] c.b.s.repository.MedicineRepositoryTest  : Starting MedicineRepositoryTest using Java 20.0.1 with PID 28364 (started by Mahmoud Ghania in E:\University\E-Pharmacy)
2024-06-05T13:24:02.689+02:00  INFO 28364 --- [           main] c.b.s.repository.MedicineRepositoryTest  : No active profile set, falling back to 1 default profile: "default"
2024-06-05T13:24:03.035+02:00  INFO 28364 --- [           main] .s.d.r.c.RepositoryConfigurationDelegate : Bootstrapping Spring Data JPA repositories in DEFAULT mode.
2024-06-05T13:24:03.119+02:00  INFO 28364 --- [           main] .s.d.r.c.RepositoryConfigurationDelegate : Finished Spring Data repository scanning in 78 ms. Found 18 JPA repository interfaces.
2024-06-05T13:24:03.166+02:00  INFO 28364 --- [           main] beddedDataSourceBeanFactoryPostProcessor : Replacing 'dataSource' DataSource bean with embedded version
2024-06-05T13:24:03.356+02:00  INFO 28364 --- [           main] o.s.j.d.e.EmbeddedDatabaseFactory        : Starting embedded database: url='jdbc:h2:mem:4f4302cc-e203-4dcf-9f4a-43a9e89f8ba8;DB_CLOSE_DELAY=-1;DB_CLOSE_ON_EXIT=false', username='sa'
2024-06-05T13:24:03.555+02:00  INFO 28364 --- [           main] o.hibernate.jpa.internal.util.LogHelper  : HHH000204: Processing PersistenceUnitInfo [name: default]
2024-06-05T13:24:03.592+02:00  INFO 28364 --- [           main] org.hibernate.Version                    : HHH000412: Hibernate ORM core version 6.2.9.Final
2024-06-05T13:24:03.594+02:00  INFO 28364 --- [           main] org.hibernate.cfg.Environment            : HHH000406: Using bytecode reflection optimizer
2024-06-05T13:24:03.680+02:00  INFO 28364 --- [           main] o.h.b.i.BytecodeProviderInitiator        : HHH000021: Bytecode provider name : bytebuddy
2024-06-05T13:24:03.793+02:00  INFO 28364 --- [           main] o.s.o.j.p.SpringPersistenceUnitInfo      : No LoadTimeWeaver setup: ignoring JPA class transformer
2024-06-05T13:24:04.053+02:00  INFO 28364 --- [           main] o.h.b.i.BytecodeProviderInitiator        : HHH000021: Bytecode provider name : bytebuddy
2024-06-05T13:24:04.686+02:00  INFO 28364 --- [           main] o.h.e.t.j.p.i.JtaPlatformInitiator       : HHH000490: Using JtaPlatform implementation: [org.hibernate.engine.transaction.jta.platform.internal.NoJtaPlatform]
Hibernate: drop table if exists authorities cascade 
Hibernate: drop table if exists college_useages cascade 
Hibernate: drop table if exists collegeuseage_medicine cascade 
Hibernate: drop table if exists disease cascade 
Hibernate: drop table if exists inventory cascade 
Hibernate: drop table if exists medicine cascade 
Hibernate: drop table if exists medicine_category cascade 
Hibernate: drop table if exists notifications cascade 
Hibernate: drop table if exists order_medicine cascade 
Hibernate: drop table if exists orders cascade 
Hibernate: drop table if exists patient cascade 
Hibernate: drop table if exists patient_disease cascade 
Hibernate: drop table if exists prescription cascade 
Hibernate: drop table if exists prescription_category cascade 
Hibernate: drop table if exists prescription_medicine cascade 
Hibernate: drop table if exists supplier cascade 
Hibernate: drop table if exists unit cascade 
Hibernate: drop table if exists useage cascade 
Hibernate: drop table if exists useage_medicine cascade 
Hibernate: drop table if exists users cascade 
Hibernate: create table authorities (id bigint generated by default as identity, authority varchar(255), username varchar(255), primary key (id))
Hibernate: create table college_useages (date date, id bigint not null, collegename varchar(255), primary key (id))
Hibernate: create table collegeuseage_medicine (amount bigint not null, college_useages_id bigint, id bigint generated by default as identity, inventory_id bigint, primary key (id))
Hibernate: create table disease (id bigint generated by default as identity, name varchar(255), primary key (id))
Hibernate: create table inventory (amount bigint not null, id bigint generated by default as identity, medicine_id bigint, primary key (id))
Hibernate: create table medicine (alertamount bigint not null, alertexpired bigint not null, barcode bigint not null, category_id bigint, id bigint generated by default as identity, activeingredient varchar(255), arabicname varchar(255), dosageform varchar(255), manufacturer varchar(255), name varchar(255), strength varchar(255), unit varchar(255), primary key (id))
Hibernate: create table medicine_category (id bigint generated by default as identity, name varchar(255), primary key (id))
Hibernate: create table notifications (id bigint generated by default as identity, medicine_id bigint, orderid bigint not null, message varchar(255), primary key (id))
Hibernate: create table order_medicine (expirydate date, amount bigint not null, id bigint generated by default as identity, medicine_id bigint, order_id bigint, price bigint not null, primary key (id))
Hibernate: create table orders (dateofsupply date, deliveryrequest bigint not null, id bigint generated by default as identity, supplier_id bigint, supplyrequest bigint not null, primary key (id))
Hibernate: create table patient (age integer, is_chronic boolean, national_id bigint not null, student_id bigint not null, college_name varchar(255), gender varchar(255), level varchar(255), name varchar(255), phone_number varchar(255), primary key (national_id))
Hibernate: create table patient_disease (disease_id bigint not null, patient_id bigint not null)
Hibernate: create table prescription (is_allowed boolean not null, category_id bigint, id bigint not null, pateint_id bigint, diagnosis varchar(255), primary key (id))
Hibernate: create table prescription_category (id bigint generated by default as identity, name varchar(255), primary key (id))
Hibernate: create table prescription_medicine (medicine_id bigint not null, prescription_id bigint not null)
Hibernate: create table supplier (id bigint generated by default as identity, name varchar(255), primary key (id))
Hibernate: create table unit (id bigint generated by default as identity, type bigint not null, name varchar(255), primary key (id))
Hibernate: create table useage (date date, id bigint generated by default as identity, prescription_id bigint, primary key (id))
Hibernate: create table useage_medicine (amount bigint not null, id bigint generated by default as identity, inventory_id bigint, medicine_id bigint, price bigint not null, useage_id bigint, primary key (id))
Hibernate: create table users (enabled smallint not null, name varchar(255), national_id varchar(255), password varchar(255), phone varchar(255), username varchar(255) not null, primary key (username))
Hibernate: alter table if exists authorities add constraint FKhjuy9y4fd8v5m3klig05ktofg foreign key (username) references users
Hibernate: alter table if exists collegeuseage_medicine add constraint FKmsc4gmf8lu8sh81o41bw4sb8r foreign key (college_useages_id) references college_useages
Hibernate: alter table if exists collegeuseage_medicine add constraint FK777kvyyei0d6dispfyrwl64l8 foreign key (inventory_id) references inventory
Hibernate: alter table if exists inventory add constraint FKn9d2d8ri2u8s4mle54e5mpi7k foreign key (medicine_id) references order_medicine
Hibernate: alter table if exists medicine add constraint FKclwwgguurshe21ytxaqlkgcnb foreign key (category_id) references medicine_category
Hibernate: alter table if exists notifications add constraint FKff4vvruqiyvxjabh13myq596w foreign key (medicine_id) references medicine
Hibernate: alter table if exists order_medicine add constraint FK14es0dgfeet8xmqa9ob7vhqfp foreign key (medicine_id) references medicine
Hibernate: alter table if exists order_medicine add constraint FKjlo7ymqnckd2iewk1g7tcdope foreign key (order_id) references orders
Hibernate: alter table if exists orders add constraint FKsx1o6ggef2tp2583ohnvomxj5 foreign key (supplier_id) references supplier
Hibernate: alter table if exists patient_disease add constraint FKh0e6yqphv65nlxlwu3eihn0f4 foreign key (disease_id) references disease
Hibernate: alter table if exists patient_disease add constraint FKgwiynt7jqh2i7nbo84ir897gs foreign key (patient_id) references patient
Hibernate: alter table if exists prescription add constraint FKnmcrw1vs6vcrg5ug3fkesrnv2 foreign key (pateint_id) references patient
Hibernate: alter table if exists prescription add constraint FKt4udyfrbr1qhjs1aytkx4idsg foreign key (category_id) references prescription_category
Hibernate: alter table if exists prescription_medicine add constraint FK628hc519rik10tuyw4xnxau06 foreign key (medicine_id) references medicine
Hibernate: alter table if exists prescription_medicine add constraint FKoehlep3ef56j6rr192owe9gq3 foreign key (prescription_id) references prescription
Hibernate: alter table if exists useage add constraint FKib7gbu1k3w3vq4u2x0dqu59p8 foreign key (prescription_id) references prescription
Hibernate: alter table if exists useage_medicine add constraint FK7uhtq1dp070j5e19uwkqo3inw foreign key (inventory_id) references inventory
Hibernate: alter table if exists useage_medicine add constraint FKpjpmybrk41bq1i9bxfgkr6y1m foreign key (medicine_id) references medicine
Hibernate: alter table if exists useage_medicine add constraint FKq645eh7ls4afp0sf42q1qeggo foreign key (useage_id) references useage
2024-06-05T13:24:04.747+02:00  INFO 28364 --- [           main] j.LocalContainerEntityManagerFactoryBean : Initialized JPA EntityManagerFactory for persistence unit 'default'
2024-06-05T13:24:05.214+02:00  INFO 28364 --- [           main] o.s.d.j.r.query.QueryEnhancerFactory     : Hibernate is in classpath; If applicable, HQL parser will be used.
2024-06-05T13:24:05.948+02:00  INFO 28364 --- [           main] c.b.s.repository.MedicineRepositoryTest  : Started MedicineRepositoryTest in 3.496 seconds (process running for 4.323)
Hibernate: insert into medicine_category (name,id) values (?,default)
Hibernate: insert into medicine_category (name,id) values (?,default)
Hibernate: insert into medicine_category (name,id) values (?,default)
Hibernate: insert into medicine (activeingredient,alertamount,alertexpired,arabicname,barcode,dosageform,manufacturer,category_id,name,strength,unit,id) values (?,?,?,?,?,?,?,?,?,?,?,default)
Hibernate: insert into medicine (activeingredient,alertamount,alertexpired,arabicname,barcode,dosageform,manufacturer,category_id,name,strength,unit,id) values (?,?,?,?,?,?,?,?,?,?,?,default)
Hibernate: insert into medicine (activeingredient,alertamount,alertexpired,arabicname,barcode,dosageform,manufacturer,category_id,name,strength,unit,id) values (?,?,?,?,?,?,?,?,?,?,?,default)
Hibernate: insert into medicine (activeingredient,alertamount,alertexpired,arabicname,barcode,dosageform,manufacturer,category_id,name,strength,unit,id) values (?,?,?,?,?,?,?,?,?,?,?,default)
Hibernate: select m1_0.id,m1_0.activeingredient,m1_0.alertamount,m1_0.alertexpired,m1_0.arabicname,m1_0.barcode,m1_0.dosageform,m1_0.manufacturer,m1_0.category_id,m1_0.name,m1_0.strength,m1_0.unit from medicine m1_0 where m1_0.category_id=?
]]></system-out>
  </testcase>
  <testcase name="findMix" classname="com.banhauniversity.sidalih.repository.MedicineRepositoryTest" time="0.014">
    <system-out><![CDATA[Hibernate: insert into medicine_category (name,id) values (?,default)
Hibernate: insert into medicine_category (name,id) values (?,default)
Hibernate: insert into medicine_category (name,id) values (?,default)
Hibernate: insert into medicine (activeingredient,alertamount,alertexpired,arabicname,barcode,dosageform,manufacturer,category_id,name,strength,unit,id) values (?,?,?,?,?,?,?,?,?,?,?,default)
Hibernate: insert into medicine (activeingredient,alertamount,alertexpired,arabicname,barcode,dosageform,manufacturer,category_id,name,strength,unit,id) values (?,?,?,?,?,?,?,?,?,?,?,default)
Hibernate: insert into medicine (activeingredient,alertamount,alertexpired,arabicname,barcode,dosageform,manufacturer,category_id,name,strength,unit,id) values (?,?,?,?,?,?,?,?,?,?,?,default)
Hibernate: insert into medicine (activeingredient,alertamount,alertexpired,arabicname,barcode,dosageform,manufacturer,category_id,name,strength,unit,id) values (?,?,?,?,?,?,?,?,?,?,?,default)
Hibernate: select m1_0.id,m1_0.activeingredient,m1_0.alertamount,m1_0.alertexpired,m1_0.arabicname,m1_0.barcode,m1_0.dosageform,m1_0.manufacturer,m1_0.category_id,m1_0.name,m1_0.strength,m1_0.unit from medicine m1_0 where m1_0.category_id>2
]]></system-out>
  </testcase>
  <testcase name="findByBarcode" classname="com.banhauniversity.sidalih.repository.MedicineRepositoryTest" time="0.011">
    <system-out><![CDATA[Hibernate: insert into medicine_category (name,id) values (?,default)
Hibernate: insert into medicine_category (name,id) values (?,default)
Hibernate: insert into medicine_category (name,id) values (?,default)
Hibernate: insert into medicine (activeingredient,alertamount,alertexpired,arabicname,barcode,dosageform,manufacturer,category_id,name,strength,unit,id) values (?,?,?,?,?,?,?,?,?,?,?,default)
Hibernate: insert into medicine (activeingredient,alertamount,alertexpired,arabicname,barcode,dosageform,manufacturer,category_id,name,strength,unit,id) values (?,?,?,?,?,?,?,?,?,?,?,default)
Hibernate: insert into medicine (activeingredient,alertamount,alertexpired,arabicname,barcode,dosageform,manufacturer,category_id,name,strength,unit,id) values (?,?,?,?,?,?,?,?,?,?,?,default)
Hibernate: insert into medicine (activeingredient,alertamount,alertexpired,arabicname,barcode,dosageform,manufacturer,category_id,name,strength,unit,id) values (?,?,?,?,?,?,?,?,?,?,?,default)
Hibernate: select m1_0.id,m1_0.activeingredient,m1_0.alertamount,m1_0.alertexpired,m1_0.arabicname,m1_0.barcode,m1_0.dosageform,m1_0.manufacturer,m1_0.category_id,m1_0.name,m1_0.strength,m1_0.unit from medicine m1_0 where m1_0.barcode=?
]]></system-out>
  </testcase>
</testsuite>